[2020-03-05 17:22:43.383] [exthost] [info] extension host started
[2020-03-05 17:22:43.467] [exthost] [info] ExtensionService#_doActivateExtension vscode.extension-editing {"startup":false,"extensionId":{"value":"vscode.extension-editing","_lower":"vscode.extension-editing"},"activationEvent":"onLanguage:markdown"}
[2020-03-05 17:22:43.468] [exthost] [info] ExtensionService#loadCommonJSModule file:///d:/MyApp/VSCode/Microsoft VS Code/resources/app/extensions/extension-editing/dist/extension
[2020-03-05 17:22:43.474] [exthost] [info] ExtensionService#_doActivateExtension vscode.markdown-language-features {"startup":false,"extensionId":{"value":"vscode.markdown-language-features","_lower":"vscode.markdown-language-features"},"activationEvent":"onLanguage:markdown"}
[2020-03-05 17:22:43.474] [exthost] [info] ExtensionService#loadCommonJSModule file:///d:/MyApp/VSCode/Microsoft VS Code/resources/app/extensions/markdown-language-features/dist/extension
[2020-03-05 17:22:43.487] [exthost] [info] ExtensionService#_doActivateExtension shd101wyy.markdown-preview-enhanced {"startup":false,"extensionId":{"value":"shd101wyy.markdown-preview-enhanced","_lower":"shd101wyy.markdown-preview-enhanced"},"activationEvent":"onLanguage:markdown"}
[2020-03-05 17:22:43.487] [exthost] [info] ExtensionService#loadCommonJSModule file:///c:/Users/18868/.vscode/extensions/shd101wyy.markdown-preview-enhanced-0.5.2/out/src/extension
[2020-03-05 17:22:44.630] [exthost] [info] ExtensionService#_doActivateExtension vscode.debug-auto-launch {"startup":true,"extensionId":{"value":"vscode.debug-auto-launch","_lower":"vscode.debug-auto-launch"},"activationEvent":"*"}
[2020-03-05 17:22:44.630] [exthost] [info] ExtensionService#loadCommonJSModule file:///d:/MyApp/VSCode/Microsoft VS Code/resources/app/extensions/debug-auto-launch/dist/extension
[2020-03-05 17:22:44.633] [exthost] [info] ExtensionService#_doActivateExtension vscode.emmet {"startup":true,"extensionId":{"value":"vscode.emmet","_lower":"vscode.emmet"},"activationEvent":"*"}
[2020-03-05 17:22:44.633] [exthost] [info] ExtensionService#loadCommonJSModule file:///d:/MyApp/VSCode/Microsoft VS Code/resources/app/extensions/emmet/dist/extension
[2020-03-05 17:22:44.650] [exthost] [info] ExtensionService#_doActivateExtension vscode.git {"startup":true,"extensionId":{"value":"vscode.git","_lower":"vscode.git"},"activationEvent":"*"}
[2020-03-05 17:22:44.650] [exthost] [info] ExtensionService#loadCommonJSModule file:///d:/MyApp/VSCode/Microsoft VS Code/resources/app/extensions/git/dist/main
[2020-03-05 17:22:44.681] [exthost] [info] ExtensionService#_doActivateExtension vscode.merge-conflict {"startup":true,"extensionId":{"value":"vscode.merge-conflict","_lower":"vscode.merge-conflict"},"activationEvent":"*"}
[2020-03-05 17:22:44.681] [exthost] [info] ExtensionService#loadCommonJSModule file:///d:/MyApp/VSCode/Microsoft VS Code/resources/app/extensions/merge-conflict/dist/extension
[2020-03-05 17:22:44.685] [exthost] [info] ExtensionService#_doActivateExtension vscode.search-result {"startup":true,"extensionId":{"value":"vscode.search-result","_lower":"vscode.search-result"},"activationEvent":"*"}
[2020-03-05 17:22:44.685] [exthost] [info] ExtensionService#loadCommonJSModule file:///d:/MyApp/VSCode/Microsoft VS Code/resources/app/extensions/search-result/dist/extension.js
[2020-03-05 17:22:44.686] [exthost] [info] ExtensionService#_doActivateExtension vscode.vscode-account {"startup":true,"extensionId":{"value":"vscode.vscode-account","_lower":"vscode.vscode-account"},"activationEvent":"*"}
[2020-03-05 17:22:44.686] [exthost] [info] ExtensionService#loadCommonJSModule file:///d:/MyApp/VSCode/Microsoft VS Code/resources/app/extensions/vscode-account/dist/extension.js
[2020-03-05 17:22:44.689] [exthost] [info] ExtensionService#_doActivateExtension christian-kohler.path-intellisense {"startup":true,"extensionId":{"value":"christian-kohler.path-intellisense","_lower":"christian-kohler.path-intellisense"},"activationEvent":"*"}
[2020-03-05 17:22:44.689] [exthost] [info] ExtensionService#loadCommonJSModule file:///c:/Users/18868/.vscode/extensions/christian-kohler.path-intellisense-1.4.2/out/src/extension
[2020-03-05 17:22:44.710] [exthost] [info] ExtensionService#_doActivateExtension CoenraadS.bracket-pair-colorizer-2 {"startup":true,"extensionId":{"value":"CoenraadS.bracket-pair-colorizer-2","_lower":"coenraads.bracket-pair-colorizer-2"},"activationEvent":"*"}
[2020-03-05 17:22:44.710] [exthost] [info] ExtensionService#loadCommonJSModule file:///c:/Users/18868/.vscode/extensions/coenraads.bracket-pair-colorizer-2-0.0.29/out/src/extension
[2020-03-05 17:22:44.742] [exthost] [info] ExtensionService#_doActivateExtension sidmishraw.topper {"startup":true,"extensionId":{"value":"sidmishraw.topper","_lower":"sidmishraw.topper"},"activationEvent":"*"}
[2020-03-05 17:22:44.742] [exthost] [info] ExtensionService#loadCommonJSModule file:///c:/Users/18868/.vscode/extensions/sidmishraw.topper-1.2.0/out/src/extension
[2020-03-05 17:22:44.810] [exthost] [info] ExtensionService#_doActivateExtension vscode-icons-team.vscode-icons {"startup":true,"extensionId":{"value":"vscode-icons-team.vscode-icons","_lower":"vscode-icons-team.vscode-icons"},"activationEvent":"*"}
[2020-03-05 17:22:44.810] [exthost] [info] ExtensionService#loadCommonJSModule file:///c:/Users/18868/.vscode/extensions/vscode-icons-team.vscode-icons-10.0.0/dist/src/vscode-icons.bundle.js
[2020-03-05 17:22:44.850] [exthost] [info] ExtensionService#_doActivateExtension zhuangtongfa.material-theme {"startup":true,"extensionId":{"value":"zhuangtongfa.material-theme","_lower":"zhuangtongfa.material-theme"},"activationEvent":"*"}
[2020-03-05 17:22:44.850] [exthost] [info] ExtensionService#loadCommonJSModule file:///c:/Users/18868/.vscode/extensions/zhuangtongfa.material-theme-3.2.3/out/extension.js
[2020-03-05 17:22:44.886] [exthost] [info] eager extensions activated
[2020-03-05 19:12:36.644] [exthost] [info] ExtensionService#_doActivateExtension vscode.configuration-editing {"startup":false,"extensionId":{"value":"vscode.configuration-editing","_lower":"vscode.configuration-editing"},"activationEvent":"onLanguage:jsonc"}
[2020-03-05 19:12:36.644] [exthost] [info] ExtensionService#loadCommonJSModule file:///d:/MyApp/VSCode/Microsoft VS Code/resources/app/extensions/configuration-editing/dist/extension
[2020-03-05 19:12:36.650] [exthost] [info] ExtensionService#_doActivateExtension vscode.json-language-features {"startup":false,"extensionId":{"value":"vscode.json-language-features","_lower":"vscode.json-language-features"},"activationEvent":"onLanguage:jsonc"}
[2020-03-05 19:12:36.650] [exthost] [info] ExtensionService#loadCommonJSModule file:///d:/MyApp/VSCode/Microsoft VS Code/resources/app/extensions/json-language-features/client/dist/jsonMain
[2020-03-05 19:12:36.668] [exthost] [info] ExtensionService#_doActivateExtension vscode.typescript-language-features {"startup":false,"extensionId":{"value":"vscode.typescript-language-features","_lower":"vscode.typescript-language-features"},"activationEvent":"onLanguage:jsonc"}
[2020-03-05 19:12:36.668] [exthost] [info] ExtensionService#loadCommonJSModule file:///d:/MyApp/VSCode/Microsoft VS Code/resources/app/extensions/typescript-language-features/dist/extension
